<?xml version="1.0" encoding="UTF-8"?>
<coverage generated="1550248657777" clover="3.2.0">
  <project timestamp="1550248657778" name="All files">
    <metrics statements="19" coveredstatements="19" conditionals="4" coveredconditionals="4" methods="9" coveredmethods="9" elements="32" coveredelements="32" complexity="0" loc="19" ncloc="19" packages="2" files="5" classes="5">
      <package name="components">
        <metrics statements="8" coveredstatements="8" conditionals="4" coveredconditionals="4" methods="3" coveredmethods="3"/>
        <file name="Button.js" path="/Users/maia/projects/app-testing-with-jest/src/components/Button.js">
          <metrics statements="2" coveredstatements="2" conditionals="2" coveredconditionals="2" methods="1" coveredmethods="1"/>
          <line num="4" count="3" type="stmt"/>
          <line num="5" count="8" type="stmt"/>
        </file>
        <file name="Header.js" path="/Users/maia/projects/app-testing-with-jest/src/components/Header.js">
          <metrics statements="2" coveredstatements="2" conditionals="0" coveredconditionals="0" methods="1" coveredmethods="1"/>
          <line num="4" count="3" type="stmt"/>
          <line num="5" count="5" type="stmt"/>
        </file>
        <file name="Map.js" path="/Users/maia/projects/app-testing-with-jest/src/components/Map.js">
          <metrics statements="4" coveredstatements="4" conditionals="2" coveredconditionals="2" methods="1" coveredmethods="1"/>
          <line num="7" count="8" type="cond" truecount="2" falsecount="0"/>
          <line num="8" count="6" type="stmt"/>
          <line num="10" count="2" type="stmt"/>
          <line num="12" count="8" type="stmt"/>
        </file>
      </package>
      <package name="containers">
        <metrics statements="11" coveredstatements="11" conditionals="0" coveredconditionals="0" methods="6" coveredmethods="6"/>
        <file name="App.js" path="/Users/maia/projects/app-testing-with-jest/src/containers/App.js">
          <metrics statements="2" coveredstatements="2" conditionals="0" coveredconditionals="0" methods="1" coveredmethods="1"/>
          <line num="5" count="1" type="stmt"/>
          <line num="6" count="2" type="stmt"/>
        </file>
        <file name="StoreLocator.js" path="/Users/maia/projects/app-testing-with-jest/src/containers/StoreLocator.js">
          <metrics statements="9" coveredstatements="9" conditionals="0" coveredconditionals="0" methods="5" coveredmethods="5"/>
          <line num="10" count="10" type="stmt"/>
          <line num="11" count="10" type="stmt"/>
          <line num="17" count="10" type="stmt"/>
          <line num="22" count="13" type="stmt"/>
          <line num="23" count="13" type="stmt"/>
          <line num="29" count="1" type="stmt"/>
          <line num="34" count="24" type="stmt"/>
          <line num="35" count="13" type="stmt"/>
          <line num="38" count="24" type="stmt"/>
        </file>
      </package>
    </metrics>
  </project>
</coverage>
