{"/Users/maia/projects/app-testing-with-jest/src/components/Button.js": {"path":"/Users/maia/projects/app-testing-with-jest/src/components/Button.js","statementMap":{"0":{"start":{"line":4,"column":15},"end":{"line":9,"column":1}},"1":{"start":{"line":5,"column":4},"end":{"line":8,"column":13}}},"fnMap":{"0":{"name":"(anonymous_0)","decl":{"start":{"line":4,"column":15},"end":{"line":4,"column":16}},"loc":{"start":{"line":5,"column":4},"end":{"line":8,"column":13}},"line":5}},"branchMap":{"0":{"loc":{"start":{"line":7,"column":41},"end":{"line":7,"column":90}},"type":"cond-expr","locations":[{"start":{"line":7,"column":58},"end":{"line":7,"column":72}},{"start":{"line":7,"column":75},"end":{"line":7,"column":90}}],"line":7}},"s":{"0":3,"1":8},"f":{"0":8},"b":{"0":[2,6]},"_coverageSchema":"332fd63041d2c1bcb487cc26dd0d5f7d97098a6c","hash":"6a5f30f90d027c311ae2ea4bf6fad5dbe64655b2"}
,"/Users/maia/projects/app-testing-with-jest/src/components/Header.js": {"path":"/Users/maia/projects/app-testing-with-jest/src/components/Header.js","statementMap":{"0":{"start":{"line":4,"column":15},"end":{"line":8,"column":1}},"1":{"start":{"line":5,"column":3},"end":{"line":7,"column":10}}},"fnMap":{"0":{"name":"(anonymous_0)","decl":{"start":{"line":4,"column":15},"end":{"line":4,"column":16}},"loc":{"start":{"line":5,"column":3},"end":{"line":7,"column":10}},"line":5}},"branchMap":{},"s":{"0":3,"1":5},"f":{"0":5},"b":{},"_coverageSchema":"332fd63041d2c1bcb487cc26dd0d5f7d97098a6c","hash":"8011619f2b503682a680fcb70bd825ef8f8d7a1b"}
,"/Users/maia/projects/app-testing-with-jest/src/components/Map.js": {"path":"/Users/maia/projects/app-testing-with-jest/src/components/Map.js","statementMap":{"0":{"start":{"line":7,"column":8},"end":{"line":11,"column":9}},"1":{"start":{"line":8,"column":12},"end":{"line":8,"column":56}},"2":{"start":{"line":10,"column":12},"end":{"line":10,"column":42}},"3":{"start":{"line":12,"column":8},"end":{"line":14,"column":24}}},"fnMap":{"0":{"name":"(anonymous_0)","decl":{"start":{"line":5,"column":4},"end":{"line":5,"column":5}},"loc":{"start":{"line":5,"column":13},"end":{"line":15,"column":5}},"line":5}},"branchMap":{"0":{"loc":{"start":{"line":7,"column":8},"end":{"line":11,"column":9}},"type":"if","locations":[{"start":{"line":7,"column":8},"end":{"line":11,"column":9}},{"start":{"line":7,"column":8},"end":{"line":11,"column":9}}],"line":7}},"s":{"0":8,"1":6,"2":2,"3":8},"f":{"0":8},"b":{"0":[6,2]},"_coverageSchema":"332fd63041d2c1bcb487cc26dd0d5f7d97098a6c","hash":"61b51b1ccb1a26a7ab4913ff7f0a9e75de7da6a7"}
,"/Users/maia/projects/app-testing-with-jest/src/containers/App.js": {"path":"/Users/maia/projects/app-testing-with-jest/src/containers/App.js","statementMap":{"0":{"start":{"line":5,"column":12},"end":{"line":9,"column":1}},"1":{"start":{"line":6,"column":6},"end":{"line":8,"column":12}}},"fnMap":{"0":{"name":"(anonymous_0)","decl":{"start":{"line":5,"column":12},"end":{"line":5,"column":13}},"loc":{"start":{"line":6,"column":6},"end":{"line":8,"column":12}},"line":6}},"branchMap":{},"s":{"0":1,"1":2},"f":{"0":2},"b":{},"_coverageSchema":"332fd63041d2c1bcb487cc26dd0d5f7d97098a6c","hash":"5c9675946fc69d41ee506458dbd10c6f169468ac"}
,"/Users/maia/projects/app-testing-with-jest/src/containers/StoreLocator.js": {"path":"/Users/maia/projects/app-testing-with-jest/src/containers/StoreLocator.js","statementMap":{"0":{"start":{"line":10,"column":8},"end":{"line":10,"column":21}},"1":{"start":{"line":11,"column":8},"end":{"line":14,"column":10}},"2":{"start":{"line":17,"column":8},"end":{"line":17,"column":51}},"3":{"start":{"line":22,"column":23},"end":{"line":22,"column":79}},"4":{"start":{"line":23,"column":8},"end":{"line":25,"column":10}},"5":{"start":{"line":29,"column":8},"end":{"line":29,"column":64}},"6":{"start":{"line":34,"column":27},"end":{"line":36,"column":10}},"7":{"start":{"line":35,"column":12},"end":{"line":35,"column":95}},"8":{"start":{"line":38,"column":8},"end":{"line":45,"column":18}}},"fnMap":{"0":{"name":"(anonymous_0)","decl":{"start":{"line":9,"column":4},"end":{"line":9,"column":5}},"loc":{"start":{"line":9,"column":23},"end":{"line":19,"column":5}},"line":9},"1":{"name":"(anonymous_1)","decl":{"start":{"line":21,"column":4},"end":{"line":21,"column":5}},"loc":{"start":{"line":21,"column":29},"end":{"line":26,"column":5}},"line":21},"2":{"name":"(anonymous_2)","decl":{"start":{"line":28,"column":4},"end":{"line":28,"column":5}},"loc":{"start":{"line":28,"column":16},"end":{"line":30,"column":5}},"line":28},"3":{"name":"(anonymous_3)","decl":{"start":{"line":32,"column":4},"end":{"line":32,"column":5}},"loc":{"start":{"line":32,"column":13},"end":{"line":46,"column":5}},"line":32},"4":{"name":"(anonymous_4)","decl":{"start":{"line":34,"column":48},"end":{"line":34,"column":49}},"loc":{"start":{"line":34,"column":59},"end":{"line":36,"column":9}},"line":34}},"branchMap":{},"s":{"0":10,"1":10,"2":10,"3":13,"4":13,"5":1,"6":24,"7":13,"8":24},"f":{"0":10,"1":13,"2":1,"3":24,"4":13},"b":{},"_coverageSchema":"332fd63041d2c1bcb487cc26dd0d5f7d97098a6c","hash":"72bdffd34e8641c2e265f8a71af5d205a687fb7a"}
}
