TN:
SF:/Users/maia/projects/app-testing-with-jest/src/components/Button.js
FN:4,(anonymous_0)
FNF:1
FNH:1
FNDA:8,(anonymous_0)
DA:4,3
DA:5,8
LF:2
LH:2
BRDA:7,0,0,2
BRDA:7,0,1,6
BRF:2
BRH:2
end_of_record
TN:
SF:/Users/maia/projects/app-testing-with-jest/src/components/Header.js
FN:4,(anonymous_0)
FNF:1
FNH:1
FNDA:5,(anonymous_0)
DA:4,3
DA:5,5
LF:2
LH:2
BRF:0
BRH:0
end_of_record
TN:
SF:/Users/maia/projects/app-testing-with-jest/src/components/Map.js
FN:5,(anonymous_0)
FNF:1
FNH:1
FNDA:8,(anonymous_0)
DA:7,8
DA:8,6
DA:10,2
DA:12,8
LF:4
LH:4
BRDA:7,0,0,6
BRDA:7,0,1,2
BRF:2
BRH:2
end_of_record
TN:
SF:/Users/maia/projects/app-testing-with-jest/src/containers/App.js
FN:5,(anonymous_0)
FNF:1
FNH:1
FNDA:2,(anonymous_0)
DA:5,1
DA:6,2
LF:2
LH:2
BRF:0
BRH:0
end_of_record
TN:
SF:/Users/maia/projects/app-testing-with-jest/src/containers/StoreLocator.js
FN:9,(anonymous_0)
FN:21,(anonymous_1)
FN:28,(anonymous_2)
FN:32,(anonymous_3)
FN:34,(anonymous_4)
FNF:5
FNH:5
FNDA:10,(anonymous_0)
FNDA:13,(anonymous_1)
FNDA:1,(anonymous_2)
FNDA:24,(anonymous_3)
FNDA:13,(anonymous_4)
DA:10,10
DA:11,10
DA:17,10
DA:22,13
DA:23,13
DA:29,1
DA:34,24
DA:35,13
DA:38,24
LF:9
LH:9
BRF:0
BRH:0
end_of_record
